<?xml version="1.0" encoding="UTF-8"?>
<testsuite name="io.paketo.demo.DemoApplicationTests" tests="1" skipped="0" failures="0" errors="0" timestamp="2023-12-17T16:27:35" hostname="YAHAIRA" time="0.519">
  <properties/>
  <testcase name="contextLoads()" classname="io.paketo.demo.DemoApplicationTests" time="0.519"/>
  <system-out><![CDATA[11:27:21.594 [Test worker] DEBUG org.springframework.test.context.BootstrapUtils - Instantiating CacheAwareContextLoaderDelegate from class [org.springframework.test.context.cache.DefaultCacheAwareContextLoaderDelegate]
11:27:21.615 [Test worker] DEBUG org.springframework.test.context.BootstrapUtils - Instantiating BootstrapContext using constructor [public org.springframework.test.context.support.DefaultBootstrapContext(java.lang.Class,org.springframework.test.context.CacheAwareContextLoaderDelegate)]
11:27:21.678 [Test worker] DEBUG org.springframework.test.context.BootstrapUtils - Instantiating TestContextBootstrapper for test class [io.paketo.demo.DemoApplicationTests] from class [org.springframework.boot.test.context.SpringBootTestContextBootstrapper]
11:27:21.709 [Test worker] INFO org.springframework.boot.test.context.SpringBootTestContextBootstrapper - Neither @ContextConfiguration nor @ContextHierarchy found for test class [io.paketo.demo.DemoApplicationTests], using SpringBootContextLoader
11:27:21.728 [Test worker] DEBUG org.springframework.test.context.support.AbstractContextLoader - Did not detect default resource location for test class [io.paketo.demo.DemoApplicationTests]: class path resource [io/paketo/demo/DemoApplicationTests-context.xml] does not exist
11:27:21.728 [Test worker] DEBUG org.springframework.test.context.support.AbstractContextLoader - Did not detect default resource location for test class [io.paketo.demo.DemoApplicationTests]: class path resource [io/paketo/demo/DemoApplicationTestsContext.groovy] does not exist
11:27:21.728 [Test worker] INFO org.springframework.test.context.support.AbstractContextLoader - Could not detect default resource locations for test class [io.paketo.demo.DemoApplicationTests]: no resource found for suffixes {-context.xml, Context.groovy}.
11:27:21.728 [Test worker] INFO org.springframework.test.context.support.AnnotationConfigContextLoaderUtils - Could not detect default configuration classes for test class [io.paketo.demo.DemoApplicationTests]: DemoApplicationTests does not declare any static, non-private, non-final, nested classes annotated with @Configuration.
11:27:21.851 [Test worker] DEBUG org.springframework.test.context.support.ActiveProfilesUtils - Could not find an 'annotation declaring class' for annotation type [org.springframework.test.context.ActiveProfiles] and class [io.paketo.demo.DemoApplicationTests]
11:27:22.007 [Test worker] DEBUG org.springframework.context.annotation.ClassPathScanningCandidateComponentProvider - Identified candidate component class: file [D:\ricardo\ricardo\projects\railway\build\classes\kotlin\main\io\paketo\demo\DemoApplication.class]
11:27:22.023 [Test worker] INFO org.springframework.boot.test.context.SpringBootTestContextBootstrapper - Found @SpringBootConfiguration io.paketo.demo.DemoApplication for test class io.paketo.demo.DemoApplicationTests
11:27:22.329 [Test worker] DEBUG org.springframework.boot.test.context.SpringBootTestContextBootstrapper - @TestExecutionListeners is not present for class [io.paketo.demo.DemoApplicationTests]: using defaults.
11:27:22.329 [Test worker] INFO org.springframework.boot.test.context.SpringBootTestContextBootstrapper - Loaded default TestExecutionListener class names from location [META-INF/spring.factories]: [org.springframework.boot.test.autoconfigure.restdocs.RestDocsTestExecutionListener, org.springframework.boot.test.autoconfigure.web.client.MockRestServiceServerResetTestExecutionListener, org.springframework.boot.test.autoconfigure.web.servlet.MockMvcPrintOnlyOnFailureTestExecutionListener, org.springframework.boot.test.autoconfigure.web.servlet.WebDriverTestExecutionListener, org.springframework.boot.test.autoconfigure.webservices.client.MockWebServiceServerTestExecutionListener, org.springframework.boot.test.mock.mockito.MockitoTestExecutionListener, org.springframework.boot.test.mock.mockito.ResetMocksTestExecutionListener, org.springframework.test.context.web.ServletTestExecutionListener, org.springframework.test.context.support.DirtiesContextBeforeModesTestExecutionListener, org.springframework.test.context.event.ApplicationEventsTestExecutionListener, org.springframework.test.context.support.DependencyInjectionTestExecutionListener, org.springframework.test.context.support.DirtiesContextTestExecutionListener, org.springframework.test.context.transaction.TransactionalTestExecutionListener, org.springframework.test.context.jdbc.SqlScriptsTestExecutionListener, org.springframework.test.context.event.EventPublishingTestExecutionListener]
11:27:22.400 [Test worker] INFO org.springframework.boot.test.context.SpringBootTestContextBootstrapper - Using TestExecutionListeners: [org.springframework.test.context.web.ServletTestExecutionListener@5943a5f9, org.springframework.test.context.support.DirtiesContextBeforeModesTestExecutionListener@7ebb8dd7, org.springframework.test.context.event.ApplicationEventsTestExecutionListener@469961d, org.springframework.boot.test.mock.mockito.MockitoTestExecutionListener@2e88e1a4, org.springframework.boot.test.autoconfigure.SpringBootDependencyInjectionTestExecutionListener@6aa0e5e1, org.springframework.test.context.support.DirtiesContextTestExecutionListener@48570857, org.springframework.test.context.transaction.TransactionalTestExecutionListener@46a63e, org.springframework.test.context.jdbc.SqlScriptsTestExecutionListener@69aaf253, org.springframework.test.context.event.EventPublishingTestExecutionListener@4488d6a, org.springframework.boot.test.autoconfigure.restdocs.RestDocsTestExecutionListener@74ad3804, org.springframework.boot.test.autoconfigure.web.client.MockRestServiceServerResetTestExecutionListener@416f17f9, org.springframework.boot.test.autoconfigure.web.servlet.MockMvcPrintOnlyOnFailureTestExecutionListener@7fe95ded, org.springframework.boot.test.autoconfigure.web.servlet.WebDriverTestExecutionListener@3f0aaca7, org.springframework.boot.test.autoconfigure.webservices.client.MockWebServiceServerTestExecutionListener@227ace5a, org.springframework.boot.test.mock.mockito.ResetMocksTestExecutionListener@1b13d533]
11:27:22.416 [Test worker] DEBUG org.springframework.test.context.support.AbstractDirtiesContextTestExecutionListener - Before test class: context [DefaultTestContext@32311a5b testClass = DemoApplicationTests, testInstance = [null], testMethod = [null], testException = [null], mergedContextConfiguration = [WebMergedContextConfiguration@e76be9a testClass = DemoApplicationTests, locations = '{}', classes = '{class io.paketo.demo.DemoApplication}', contextInitializerClasses = '[]', activeProfiles = '{}', propertySourceLocations = '{}', propertySourceProperties = '{org.springframework.boot.test.context.SpringBootTestContextBootstrapper=true}', contextCustomizers = set[org.springframework.boot.test.autoconfigure.actuate.metrics.MetricsExportContextCustomizerFactory$DisableMetricExportContextCustomizer@acccbf7, org.springframework.boot.test.autoconfigure.properties.PropertyMappingContextCustomizer@0, org.springframework.boot.test.autoconfigure.web.servlet.WebDriverContextCustomizerFactory$Customizer@15ba036a, org.springframework.boot.test.context.filter.ExcludeFilterContextCustomizer@53af1b9d, org.springframework.boot.test.json.DuplicateJsonObjectContextCustomizerFactory$DuplicateJsonObjectContextCustomizer@2a3bd020, org.springframework.boot.test.mock.mockito.MockitoContextCustomizer@0, org.springframework.boot.test.web.client.TestRestTemplateContextCustomizer@1090f55b, org.springframework.boot.test.context.SpringBootTestArgs@1, org.springframework.boot.test.context.SpringBootTestWebEnvironment@5747e679], resourceBasePath = 'src/main/webapp', contextLoader = 'org.springframework.boot.test.context.SpringBootContextLoader', parent = [null]], attributes = map['org.springframework.test.context.web.ServletTestExecutionListener.activateListener' -> true]], class annotated with @DirtiesContext [false] with mode [null].

  .   ____          _            __ _ _
 /\\ / ___'_ __ _ _(_)_ __  __ _ \ \ \ \
( ( )\___ | '_ | '_| | '_ \/ _` | \ \ \ \
 \\/  ___)| |_)| | | | | || (_| |  ) ) ) )
  '  |____| .__|_| |_|_| |_\__, | / / / /
 =========|_|==============|___/=/_/_/_/
 :: Spring Boot ::                (v2.5.9)

2023-12-17 11:27:23.373  INFO 6060 --- [    Test worker] io.paketo.demo.DemoApplicationTests      : Starting DemoApplicationTests using Java 11.0.17 on Yahaira with PID 6060 (started by ricar in D:\ricardo\ricardo\projects\railway)
2023-12-17 11:27:23.383  INFO 6060 --- [    Test worker] io.paketo.demo.DemoApplicationTests      : No active profile set, falling back to default profiles: default
2023-12-17 11:27:25.822  INFO 6060 --- [    Test worker] .s.d.r.c.RepositoryConfigurationDelegate : Bootstrapping Spring Data JPA repositories in DEFAULT mode.
2023-12-17 11:27:26.307  INFO 6060 --- [    Test worker] .s.d.r.c.RepositoryConfigurationDelegate : Finished Spring Data repository scanning in 473 ms. Found 5 JPA repository interfaces.
2023-12-17 11:27:27.718  INFO 6060 --- [    Test worker] o.hibernate.jpa.internal.util.LogHelper  : HHH000204: Processing PersistenceUnitInfo [name: default]
2023-12-17 11:27:27.890  INFO 6060 --- [    Test worker] org.hibernate.Version                    : HHH000412: Hibernate ORM core version 5.4.33
2023-12-17 11:27:28.346  INFO 6060 --- [    Test worker] o.hibernate.annotations.common.Version   : HCANN000001: Hibernate Commons Annotations {5.1.2.Final}
2023-12-17 11:27:28.690  INFO 6060 --- [    Test worker] com.zaxxer.hikari.HikariDataSource       : HikariPool-1 - Starting...
2023-12-17 11:27:29.681  INFO 6060 --- [    Test worker] com.zaxxer.hikari.HikariDataSource       : HikariPool-1 - Start completed.
2023-12-17 11:27:29.708  INFO 6060 --- [    Test worker] org.hibernate.dialect.Dialect            : HHH000400: Using dialect: org.hibernate.dialect.MySQL8Dialect
2023-12-17 11:27:31.409  INFO 6060 --- [    Test worker] o.h.e.t.j.p.i.JtaPlatformInitiator       : HHH000490: Using JtaPlatform implementation: [org.hibernate.engine.transaction.jta.platform.internal.NoJtaPlatform]
2023-12-17 11:27:31.422  INFO 6060 --- [    Test worker] j.LocalContainerEntityManagerFactoryBean : Initialized JPA EntityManagerFactory for persistence unit 'default'
2023-12-17 11:27:32.302  WARN 6060 --- [    Test worker] JpaBaseConfiguration$JpaWebConfiguration : spring.jpa.open-in-view is enabled by default. Therefore, database queries may be performed during view rendering. Explicitly configure spring.jpa.open-in-view to disable this warning
2023-12-17 11:27:35.676  INFO 6060 --- [    Test worker] o.s.b.a.e.web.EndpointLinksResolver      : Exposing 1 endpoint(s) beneath base path '/actuator'
2023-12-17 11:27:35.754  INFO 6060 --- [    Test worker] io.paketo.demo.DemoApplicationTests      : Started DemoApplicationTests in 13.227 seconds (JVM running for 16.831)
]]></system-out>
  <system-err><![CDATA[]]></system-err>
</testsuite>
